<?xml version="1.0" encoding="utf-8"?><testsuites name="pytest tests"><testsuite name="pytest" errors="0" failures="0" skipped="0" tests="5" time="286.913" timestamp="2026-02-16T20:23:34.789788+00:00" hostname="agent-env-3227b613-30ad-4be7-848a-bab95f28c7f3"><testcase classname="backend.tests.test_archivist_deepseek.TestArchivistDeepSeekIntegration" name="test_health_check_providers" time="0.203" /><testcase classname="backend.tests.test_archivist_deepseek.TestArchivistDeepSeekIntegration" name="test_spell_generation_with_real_archivist" time="79.378" /><testcase classname="backend.tests.test_archivist_deepseek.TestArchivistDeepSeekIntegration" name="test_spell_content_quality_has_folklore_references" time="85.141" /><testcase classname="backend.tests.test_archivist_deepseek.TestResearchEndpointDirect" name="test_combined_research_endpoint" time="48.490" /><testcase classname="backend.tests.test_archivist_deepseek.TestErrorFallback" name="test_spell_generation_fallback" time="73.644" /></testsuite></testsuites>