<?xml version="1.0" encoding="utf-8"?><testsuites name="pytest tests"><testsuite name="pytest" errors="0" failures="0" skipped="0" tests="9" time="89.213" timestamp="2026-02-16T19:14:33.178073+00:00" hostname="agent-env-3227b613-30ad-4be7-848a-bab95f28c7f3"><testcase classname="backend.tests.test_spell_generation.TestSpellGenerationAPI" name="test_health_check" time="12.260" /><testcase classname="backend.tests.test_spell_generation.TestSpellGenerationAPI" name="test_create_spell_job" time="0.529" /><testcase classname="backend.tests.test_spell_generation.TestSpellGenerationAPI" name="test_poll_spell_job_until_complete" time="26.076" /><testcase classname="backend.tests.test_spell_generation.TestSpellGenerationAPI" name="test_job_not_found" time="0.190" /><testcase classname="backend.tests.test_spell_generation.TestResearchAPI" name="test_combined_endpoint" time="49.156" /><testcase classname="backend.tests.test_spell_generation.TestAlchemizeCategories" name="test_category_spell_generation[protection-cathleen]" time="0.349" /><testcase classname="backend.tests.test_spell_generation.TestAlchemizeCategories" name="test_category_spell_generation[baneful_justice-katherine]" time="0.154" /><testcase classname="backend.tests.test_spell_generation.TestAlchemizeCategories" name="test_category_spell_generation[comfort_healing-shigg]" time="0.261" /><testcase classname="backend.tests.test_spell_generation.TestAlchemizeCategories" name="test_category_spell_generation[clarity_truth-theresa]" time="0.174" /></testsuite></testsuites>