<?xml version="1.0" encoding="utf-8"?><testsuites name="pytest tests"><testsuite name="pytest" errors="0" failures="0" skipped="0" tests="7" time="178.203" timestamp="2026-03-16T05:24:11.350335+00:00" hostname="agent-env-387e0b10-7c31-4dbe-a50d-f9aac7b23920"><testcase classname="backend.tests.test_ai_image_generation.TestImageStyles" name="test_get_image_styles" time="0.175" /><testcase classname="backend.tests.test_ai_image_generation.TestImageGeneration" name="test_generate_image_with_neutral_style" time="21.259" /><testcase classname="backend.tests.test_ai_image_generation.TestImageGeneration" name="test_generate_image_with_shiggy_style" time="32.843" /><testcase classname="backend.tests.test_ai_image_generation.TestImageGeneration" name="test_generate_image_empty_prompt_validation" time="17.366" /><testcase classname="backend.tests.test_ai_image_generation.TestImageGenerationAllArchetypes" name="test_generate_image_archetype[kathleen]" time="34.722" /><testcase classname="backend.tests.test_ai_image_generation.TestImageGenerationAllArchetypes" name="test_generate_image_archetype[katherine]" time="34.904" /><testcase classname="backend.tests.test_ai_image_generation.TestImageGenerationAllArchetypes" name="test_generate_image_archetype[theresa]" time="36.880" /></testsuite></testsuites>