<?xml version="1.0" encoding="utf-8"?><testsuites name="pytest tests"><testsuite name="pytest" errors="0" failures="2" skipped="0" tests="9" time="73.958" timestamp="2026-02-16T19:13:02.449002+00:00" hostname="agent-env-3227b613-30ad-4be7-848a-bab95f28c7f3"><testcase classname="backend.tests.test_spell_generation.TestSpellGenerationAPI" name="test_health_check" time="0.329"><failure message="AssertionError: Health check failed: {&quot;detail&quot;:&quot;Not Found&quot;}&#10;assert 404 == 200&#10; +  where 404 = &lt;Response [404]&gt;.status_code">backend/tests/test_spell_generation.py:23: in test_health_check
    assert response.status_code == 200, f"Health check failed: {response.text}"
E   AssertionError: Health check failed: {"detail":"Not Found"}
E   assert 404 == 200
E    +  where 404 = &lt;Response [404]&gt;.status_code</failure></testcase><testcase classname="backend.tests.test_spell_generation.TestSpellGenerationAPI" name="test_create_spell_job" time="0.199" /><testcase classname="backend.tests.test_spell_generation.TestSpellGenerationAPI" name="test_poll_spell_job_until_complete" time="23.432"><failure message="AssertionError: Result missing 'blocks'&#10;assert 'blocks' in {'archetype': {'id': 'shigg', 'name': 'Shigg', 'title': 'The Birds of Parliament Poet Laureate'}, 'belief_mode': 'SPIRITUAL', 'metadata': {'belief_mode': 'SPIRITUAL', 'guide_id': 'shigg', 'planner_mode': 'deterministic', 'qa_errors': ['MISSING_BLOCK: warm_greeting', 'MISSING_BLOCK: comfort_acknowledgment', 'MISSING_BLOCK: historical_stitch', 'MISSING_BLOCK: tiny_practice', 'MISSING_BLOCK: spoken_words', 'MISSING_BLOCK: journaling_prompt', ...], ...}, 'spell': {'belief_mode': 'SPIRITUAL', 'blocks': [{'block_id': 'cold_open_1', 'block_type': 'cold_open', 'content': {'greeting': &quot;Oh Test Seeker, come sit with old Shigg. The kettle's warm, the sparrows know your sorrow. Loss leaves us hollow as winter nests, but tenderness grows in empty spaces too.&quot;, 'hook': '', 'scene_setting': ''}}, {'block_id': 'lore_vignette_1', 'block_type': 'lore_vignette', 'content': {'era': None, 'narrative': 'Grief is the price of love, dear one. Your heart breaks because it held something precious. The ache means the connection was real, deep as roots, strong as wing-bone. Let the tears come like spring rain - they water what needs growing next.', 'relevance_to_working': None, 'source_connection': None, .....rompt': 'How would you like to approach this working?'}}, {'block_id': 'lore_vignette_2', 'block_type': 'lore_vignette', 'content': {'era': None, 'narrative': &quot;Murray Bowen showed us how families carry patterns like songbirds carry melodies - passed down through generations until someone breaks the old tune. Folk traditions teach that grief unwitness becomes a pattern, but ritual creates a sacred container where sorrow can transform. The wise grandmothers knew: what we don't heal, we hand down.&quot;, 'relevance_to_working': None, 'source_connection': None, ...}}, {'block_id': 'stepper_1', 'block_type': 'stepper', 'content': {'completion_message': 'The working is done. Breathe.', 'steps': [{...}]}}, {'block_id': 'closing_1', 'block_type': 'closing', 'content': {'empowerment_line': None, 'grounding_action': None, 'license_to_depart': 'I honor what was lost. I honor what remains. I honor the space between them where love grows stronger, not weaker. My heart breaks open, not apart.', 'next_steps_hint': None}}, ...], 'ethics_statement': 'This ritual offers comfort and meaning-making but is not a substitute for professional grief counseling or medical care.', 'guide_id': 'shigg', ...}, ...}">backend/tests/test_spell_generation.py:94: in test_poll_spell_job_until_complete
    assert "blocks" in result, "Result missing 'blocks'"
E   AssertionError: Result missing 'blocks'
E   assert 'blocks' in {'archetype': {'id': 'shigg', 'name': 'Shigg', 'title': 'The Birds of Parliament Poet Laureate'}, 'belief_mode': 'SPIRITUAL', 'metadata': {'belief_mode': 'SPIRITUAL', 'guide_id': 'shigg', 'planner_mode': 'deterministic', 'qa_errors': ['MISSING_BLOCK: warm_greeting', 'MISSING_BLOCK: comfort_acknowledgment', 'MISSING_BLOCK: historical_stitch', 'MISSING_BLOCK: tiny_practice', 'MISSING_BLOCK: spoken_words', 'MISSING_BLOCK: journaling_prompt', ...], ...}, 'spell': {'belief_mode': 'SPIRITUAL', 'blocks': [{'block_id': 'cold_open_1', 'block_type': 'cold_open', 'content': {'greeting': "Oh Test Seeker, come sit with old Shigg. The kettle's warm, the sparrows know your sorrow. Loss leaves us hollow as winter nests, but tenderness grows in empty spaces too.", 'hook': '', 'scene_setting': ''}}, {'block_id': 'lore_vignette_1', 'block_type': 'lore_vignette', 'content': {'era': None, 'narrative': 'Grief is the price of love, dear one. Your heart breaks because it held something precious. The ache means the connection was real, deep as roots, strong as wing-bone. Let the tears come like spring rain - they water what needs growing next.', 'relevance_to_working': None, 'source_connection': None, .....rompt': 'How would you like to approach this working?'}}, {'block_id': 'lore_vignette_2', 'block_type': 'lore_vignette', 'content': {'era': None, 'narrative': "Murray Bowen showed us how families carry patterns like songbirds carry melodies - passed down through generations until someone breaks the old tune. Folk traditions teach that grief unwitness becomes a pattern, but ritual creates a sacred container where sorrow can transform. The wise grandmothers knew: what we don't heal, we hand down.", 'relevance_to_working': None, 'source_connection': None, ...}}, {'block_id': 'stepper_1', 'block_type': 'stepper', 'content': {'completion_message': 'The working is done. Breathe.', 'steps': [{...}]}}, {'block_id': 'closing_1', 'block_type': 'closing', 'content': {'empowerment_line': None, 'grounding_action': None, 'license_to_depart': 'I honor what was lost. I honor what remains. I honor the space between them where love grows stronger, not weaker. My heart breaks open, not apart.', 'next_steps_hint': None}}, ...], 'ethics_statement': 'This ritual offers comfort and meaning-making but is not a substitute for professional grief counseling or medical care.', 'guide_id': 'shigg', ...}, ...}</failure></testcase><testcase classname="backend.tests.test_spell_generation.TestSpellGenerationAPI" name="test_job_not_found" time="0.144" /><testcase classname="backend.tests.test_spell_generation.TestResearchAPI" name="test_combined_endpoint" time="48.652" /><testcase classname="backend.tests.test_spell_generation.TestAlchemizeCategories" name="test_category_spell_generation[protection-cathleen]" time="0.399" /><testcase classname="backend.tests.test_spell_generation.TestAlchemizeCategories" name="test_category_spell_generation[baneful_justice-katherine]" time="0.235" /><testcase classname="backend.tests.test_spell_generation.TestAlchemizeCategories" name="test_category_spell_generation[comfort_healing-shigg]" time="0.174" /><testcase classname="backend.tests.test_spell_generation.TestAlchemizeCategories" name="test_category_spell_generation[clarity_truth-theresa]" time="0.259" /></testsuite></testsuites>