<?xml version="1.0" encoding="utf-8"?><testsuites name="pytest tests"><testsuite name="pytest" errors="0" failures="2" skipped="2" tests="8" time="286.861" timestamp="2026-03-27T22:54:08.927673+00:00" hostname="agent-env-387e0b10-7c31-4dbe-a50d-f9aac7b23920"><testcase classname="backend.tests.test_research_origins.TestResearchOriginsFeature" name="test_login_works" time="0.630" /><testcase classname="backend.tests.test_research_origins.TestResearchOriginsFeature" name="test_v3_spell_generation_includes_research_origins" time="60.153"><failure message="AssertionError: V3 spell generation failed: The preview environment is not responding. It may be starting up.&#10;  &#10;assert 502 == 200&#10; +  where 502 = &lt;Response [502]&gt;.status_code">backend/tests/test_research_origins.py:77: in test_v3_spell_generation_includes_research_origins
    assert response.status_code == 200, f"V3 spell generation failed: {response.text}"
E   AssertionError: V3 spell generation failed: The preview environment is not responding. It may be starting up.
E     
E   assert 502 == 200
E    +  where 502 = &lt;Response [502]&gt;.status_code</failure></testcase><testcase classname="backend.tests.test_research_origins.TestResearchOriginsFeature" name="test_v2_spell_generation_includes_research_origins" time="60.315"><failure message="AssertionError: V2 spell generation failed: The preview environment is not responding. It may be starting up.&#10;  &#10;assert 502 == 200&#10; +  where 502 = &lt;Response [502]&gt;.status_code">backend/tests/test_research_origins.py:137: in test_v2_spell_generation_includes_research_origins
    assert response.status_code == 200, f"V2 spell generation failed: {response.text}"
E   AssertionError: V2 spell generation failed: The preview environment is not responding. It may be starting up.
E     
E   assert 502 == 200
E    +  where 502 = &lt;Response [502]&gt;.status_code</failure></testcase><testcase classname="backend.tests.test_research_origins.TestResearchOriginsFeature" name="test_grimoire_save_accepts_research_origins" time="0.273" /><testcase classname="backend.tests.test_research_origins.TestResearchOriginsFeature" name="test_grimoire_spells_returns_research_origins" time="0.359" /><testcase classname="backend.tests.test_research_origins.TestResearchOriginsFeature" name="test_cleanup_test_spell" time="0.459" /><testcase classname="backend.tests.test_research_origins.TestResearchOriginsStructure" name="test_research_origins_has_expected_structure" time="60.541"><skipped type="pytest.skip" message="Spell generation failed: The preview environment is not responding. It may be starting up.">/app/backend/tests/test_research_origins.py:318: Spell generation failed: The preview environment is not responding. It may be starting up.</skipped></testcase><testcase classname="backend.tests.test_research_origins.TestPersonalizedSpellResearchOrigins" name="test_personalized_spell_includes_research_origins" time="103.962"><skipped type="pytest.skip" message="Endpoint returned 502">/app/backend/tests/test_research_origins.py:402: Endpoint returned 502</skipped></testcase></testsuite></testsuites>