<?xml version="1.0" encoding="utf-8"?><testsuites name="pytest tests"><testsuite name="pytest" errors="0" failures="0" skipped="0" tests="7" time="115.453" timestamp="2026-03-28T00:44:00.524348+00:00" hostname="agent-env-387e0b10-7c31-4dbe-a50d-f9aac7b23920"><testcase classname="backend.tests.test_research_origins_v2.TestAsyncSpellJobSystem" name="test_login_works" time="0.425" /><testcase classname="backend.tests.test_research_origins_v2.TestAsyncSpellJobSystem" name="test_create_spell_job_returns_job_id" time="0.257" /><testcase classname="backend.tests.test_research_origins_v2.TestAsyncSpellJobSystem" name="test_poll_job_status_returns_progress" time="0.499" /><testcase classname="backend.tests.test_research_origins_v2.TestGrimoireResearchOrigins" name="test_grimoire_spells_returns_list" time="0.756" /><testcase classname="backend.tests.test_research_origins_v2.TestGrimoireResearchOrigins" name="test_spells_have_required_fields" time="0.211" /><testcase classname="backend.tests.test_research_origins_v2.TestGrimoireResearchOrigins" name="test_legacy_spells_have_extractable_data" time="0.225" /><testcase classname="backend.tests.test_research_origins_v2.TestResearchOriginsStructure" name="test_completed_job_has_research_origins" time="113.023" /></testsuite></testsuites>