<?xml version="1.0" encoding="utf-8"?><testsuites name="pytest tests"><testsuite name="pytest" errors="0" failures="0" skipped="0" tests="17" time="0.931" timestamp="2026-02-08T02:14:26.411099+00:00" hostname="agent-env-179bf997-cb6c-4a1d-9c4d-1c7f23adf65a"><testcase classname="backend.tests.test_timeline_v2.TestTimelineV2Events" name="test_get_all_events" time="0.089" /><testcase classname="backend.tests.test_timeline_v2.TestTimelineV2Events" name="test_filter_by_category" time="0.050" /><testcase classname="backend.tests.test_timeline_v2.TestTimelineV2Events" name="test_filter_by_guide" time="0.057" /><testcase classname="backend.tests.test_timeline_v2.TestTimelineV2Events" name="test_filter_by_search" time="0.037" /><testcase classname="backend.tests.test_timeline_v2.TestTimelineV2Events" name="test_combined_filters_guide_and_search" time="0.045" /><testcase classname="backend.tests.test_timeline_v2.TestTimelineV2Events" name="test_combined_filters_category_and_guide" time="0.047" /><testcase classname="backend.tests.test_timeline_v2.TestTimelineV2Events" name="test_filter_by_date_range" time="0.045" /><testcase classname="backend.tests.test_timeline_v2.TestTimelineV2Events" name="test_filter_by_traditions" time="0.045" /><testcase classname="backend.tests.test_timeline_v2.TestTimelineV2Events" name="test_limit_parameter" time="0.047" /><testcase classname="backend.tests.test_timeline_v2.TestTimelineV2Stats" name="test_get_stats" time="0.047" /><testcase classname="backend.tests.test_timeline_v2.TestTimelineV2EventById" name="test_get_event_by_id" time="0.083" /><testcase classname="backend.tests.test_timeline_v2.TestTimelineV2EventById" name="test_get_nonexistent_event" time="0.042" /><testcase classname="backend.tests.test_timeline_v2.TestTimelineV2Taxonomy" name="test_get_taxonomy" time="0.051" /><testcase classname="backend.tests.test_timeline_v2.TestTimelineEventStructure" name="test_event_has_required_fields" time="0.049" /><testcase classname="backend.tests.test_timeline_v2.TestTimelineEventStructure" name="test_event_has_guide_relevance" time="0.041" /><testcase classname="backend.tests.test_timeline_v2.TestTimelineEventStructure" name="test_event_has_sources" time="0.044" /><testcase classname="backend.tests.test_timeline_v2.TestTimelineEventStructure" name="test_event_has_figures_involved" time="0.040" /></testsuite></testsuites>