<?xml version="1.0" encoding="utf-8"?><testsuites name="pytest tests"><testsuite name="pytest" errors="0" failures="0" skipped="0" tests="20" time="0.026" timestamp="2026-03-13T06:46:07.392164+00:00" hostname="agent-env-9c08ca6f-3734-4fbb-b09d-b89f8eb5f2e0"><testcase classname="tests.test_bibliomancy.TestEmotionalNeedClusters" name="test_prefix_matching_isolated" time="0.002" /><testcase classname="tests.test_bibliomancy.TestEmotionalNeedClusters" name="test_prefix_matching_harassed" time="0.000" /><testcase classname="tests.test_bibliomancy.TestEmotionalNeedClusters" name="test_prefix_matching_bullying" time="0.000" /><testcase classname="tests.test_bibliomancy.TestEmotionalNeedClusters" name="test_prefix_matching_intimidated" time="0.000" /><testcase classname="tests.test_bibliomancy.TestEmotionalNeedClusters" name="test_tiebreak_grief_over_heartbreak" time="0.000" /><testcase classname="tests.test_bibliomancy.TestEmotionalNeedClusters" name="test_tiebreak_protection_over_heartbreak" time="0.000" /><testcase classname="tests.test_bibliomancy.TestEmotionalNeedClusters" name="test_new_trigger_miscarriage" time="0.000" /><testcase classname="tests.test_bibliomancy.TestEmotionalNeedClusters" name="test_new_trigger_numb_hollow" time="0.000" /><testcase classname="tests.test_bibliomancy.TestEmotionalNeedClusters" name="test_reality_check_format" time="0.000" /><testcase classname="tests.test_bibliomancy.TestEmotionalNeedClusters" name="test_no_match_returns_none" time="0.000" /><testcase classname="tests.test_bibliomancy.TestEmotionalNeedClusters" name="test_priority_order" time="0.000" /><testcase classname="tests.test_bibliomancy.TestBibliomancyRouting" name="test_shigg_has_bibliomancy_book" time="0.000" /><testcase classname="tests.test_bibliomancy.TestBibliomancyRouting" name="test_theresa_has_bibliomancy_shuffle" time="0.000" /><testcase classname="tests.test_bibliomancy.TestBibliomancyRouting" name="test_cathleen_no_bibliomancy" time="0.000" /><testcase classname="tests.test_bibliomancy.TestBibliomancyRouting" name="test_shigg_affinity_high" time="0.000" /><testcase classname="tests.test_bibliomancy.TestBibliomancyRouting" name="test_routing_to_bibliomancy" time="0.000" /><testcase classname="tests.test_bibliomancy.TestBibliomancyRouting" name="test_protection_still_wins" time="0.000" /><testcase classname="tests.test_bibliomancy.TestBibliomancyRouting" name="test_theresa_shuffle_routing" time="0.000" /><testcase classname="tests.test_bibliomancy.TestBibliomancyRouting" name="test_templates_exist" time="0.000" /><testcase classname="tests.test_bibliomancy.TestBibliomancyRouting" name="test_template_sections" time="0.000" /></testsuite></testsuites>