<?xml version="1.0" encoding="utf-8"?><testsuites name="pytest tests"><testsuite name="pytest" errors="0" failures="0" skipped="0" tests="14" time="3.223" timestamp="2026-01-13T01:31:50.887180+00:00" hostname="agent-env-8362bcc0-1722-45b2-b3e0-c23338d916de"><testcase classname="tests.test_gridfs_and_timeline.TestAuth" name="test_login_pro_user" time="0.332" /><testcase classname="tests.test_gridfs_and_timeline.TestAuth" name="test_login_free_user" time="0.262" /><testcase classname="tests.test_gridfs_and_timeline.TestGridFSSpellSaving" name="test_free_user_cannot_save_spell" time="0.295" /><testcase classname="tests.test_gridfs_and_timeline.TestGridFSSpellSaving" name="test_save_spell_without_image" time="0.295" /><testcase classname="tests.test_gridfs_and_timeline.TestGridFSSpellSaving" name="test_save_spell_with_small_image" time="0.332" /><testcase classname="tests.test_gridfs_and_timeline.TestGridFSSpellSaving" name="test_save_spell_with_asset_plan" time="0.300" /><testcase classname="tests.test_gridfs_and_timeline.TestGridFSSpellRetrieval" name="test_get_all_grimoire_spells" time="0.304" /><testcase classname="tests.test_gridfs_and_timeline.TestGridFSSpellRetrieval" name="test_get_spell_by_id" time="0.345" /><testcase classname="tests.test_gridfs_and_timeline.TestGridFSSpellDeletion" name="test_delete_spell_removes_gridfs_images" time="0.363" /><testcase classname="tests.test_gridfs_and_timeline.TestTimelineImages" name="test_timeline_v2_events_have_image_url" time="0.047" /><testcase classname="tests.test_gridfs_and_timeline.TestTimelineImages" name="test_timeline_event_image_url_accessible" time="0.129" /><testcase classname="tests.test_gridfs_and_timeline.TestTimelineImages" name="test_timeline_stats_endpoint" time="0.053" /><testcase classname="tests.test_gridfs_and_timeline.TestHealthEndpoints" name="test_health_providers" time="0.077" /><testcase classname="tests.test_gridfs_and_timeline.TestHealthEndpoints" name="test_llm_status" time="0.033" /></testsuite></testsuites>