<?xml version="1.0" encoding="utf-8"?><testsuites name="pytest tests"><testsuite name="pytest" errors="0" failures="0" skipped="0" tests="7" time="35.291" timestamp="2026-01-08T23:28:13.580774+00:00" hostname="agent-env-a61c131f-4c45-4a28-a264-a138c313a0d4"><testcase classname="tests.test_progressive_loading.TestProgressiveLoading" name="test_archetypes_endpoint" time="0.107" /><testcase classname="tests.test_progressive_loading.TestProgressiveLoading" name="test_spell_context_questions_endpoint" time="0.041" /><testcase classname="tests.test_progressive_loading.TestProgressiveLoading" name="test_personalized_spell_request_structure" time="19.712" /><testcase classname="tests.test_progressive_loading.TestProgressiveLoading" name="test_grimoire_endpoints_exist" time="0.323" /><testcase classname="tests.test_progressive_loading.TestProgressiveLoading" name="test_grimoire_wards_endpoint" time="0.312" /><testcase classname="tests.test_progressive_loading.TestProgressiveLoading" name="test_image_generation_endpoint_exists" time="14.286" /><testcase classname="tests.test_progressive_loading.TestSubscriptionStatus" name="test_subscription_status_endpoint" time="0.336" /></testsuite></testsuites>