<?xml version="1.0" encoding="utf-8"?><testsuites name="pytest tests"><testsuite name="pytest" errors="0" failures="1" skipped="0" tests="17" time="1.235" timestamp="2026-02-08T02:13:57.513674+00:00" hostname="agent-env-179bf997-cb6c-4a1d-9c4d-1c7f23adf65a"><testcase classname="backend.tests.test_timeline_v2.TestTimelineV2Events" name="test_get_all_events" time="0.179" /><testcase classname="backend.tests.test_timeline_v2.TestTimelineV2Events" name="test_filter_by_category" time="0.058" /><testcase classname="backend.tests.test_timeline_v2.TestTimelineV2Events" name="test_filter_by_guide" time="0.063" /><testcase classname="backend.tests.test_timeline_v2.TestTimelineV2Events" name="test_filter_by_search" time="0.049" /><testcase classname="backend.tests.test_timeline_v2.TestTimelineV2Events" name="test_combined_filters_guide_and_search" time="0.050"><failure message="AssertionError: Event waite_smith_tarot doesn't contain 'golden'&#10;assert 'golden' in 'rider-waite-smith tarot published arthur edward waite commissions pamela colman smith to illustrate the first fully pictorial tarot deck. published by rider &amp; company, it becomes the most influential tarot in the western world.'">backend/tests/test_timeline_v2.py:91: in test_combined_filters_guide_and_search
    assert "golden" in event_text, f"Event {event['id']} doesn't contain 'golden'"
E   AssertionError: Event waite_smith_tarot doesn't contain 'golden'
E   assert 'golden' in 'rider-waite-smith tarot published arthur edward waite commissions pamela colman smith to illustrate the first fully pictorial tarot deck. published by rider &amp; company, it becomes the most influential tarot in the western world.'</failure></testcase><testcase classname="backend.tests.test_timeline_v2.TestTimelineV2Events" name="test_combined_filters_category_and_guide" time="0.054" /><testcase classname="backend.tests.test_timeline_v2.TestTimelineV2Events" name="test_filter_by_date_range" time="0.060" /><testcase classname="backend.tests.test_timeline_v2.TestTimelineV2Events" name="test_filter_by_traditions" time="0.065" /><testcase classname="backend.tests.test_timeline_v2.TestTimelineV2Events" name="test_limit_parameter" time="0.045" /><testcase classname="backend.tests.test_timeline_v2.TestTimelineV2Stats" name="test_get_stats" time="0.061" /><testcase classname="backend.tests.test_timeline_v2.TestTimelineV2EventById" name="test_get_event_by_id" time="0.094" /><testcase classname="backend.tests.test_timeline_v2.TestTimelineV2EventById" name="test_get_nonexistent_event" time="0.045" /><testcase classname="backend.tests.test_timeline_v2.TestTimelineV2Taxonomy" name="test_get_taxonomy" time="0.056" /><testcase classname="backend.tests.test_timeline_v2.TestTimelineEventStructure" name="test_event_has_required_fields" time="0.049" /><testcase classname="backend.tests.test_timeline_v2.TestTimelineEventStructure" name="test_event_has_guide_relevance" time="0.046" /><testcase classname="backend.tests.test_timeline_v2.TestTimelineEventStructure" name="test_event_has_sources" time="0.039" /><testcase classname="backend.tests.test_timeline_v2.TestTimelineEventStructure" name="test_event_has_figures_involved" time="0.043" /></testsuite></testsuites>