<?xml version="1.0" encoding="utf-8"?><testsuites name="pytest tests"><testsuite name="pytest" errors="0" failures="0" skipped="0" tests="10" time="171.330" timestamp="2026-02-16T21:13:29.824650+00:00" hostname="agent-env-3227b613-30ad-4be7-848a-bab95f28c7f3"><testcase classname="tests.test_new_features_iter12.TestAdminAuth" name="test_admin_login_success" time="0.448" /><testcase classname="tests.test_new_features_iter12.TestAdminStats" name="test_admin_stats_returns_all_fields" time="0.509" /><testcase classname="tests.test_new_features_iter12.TestAdminStats" name="test_admin_stats_requires_auth" time="0.129" /><testcase classname="tests.test_new_features_iter12.TestAdminStats" name="test_admin_stats_requires_admin_email" time="0.602" /><testcase classname="tests.test_new_features_iter12.TestPDFExport" name="test_pdf_export_endpoint_exists" time="0.779" /><testcase classname="tests.test_new_features_iter12.TestPDFExport" name="test_pdf_export_requires_auth" time="0.253" /><testcase classname="tests.test_new_features_iter12.TestStageProgress" name="test_create_spell_job_and_check_stages" time="104.553" /><testcase classname="tests.test_new_features_iter12.TestSpellGenerationE2E" name="test_full_spell_generation" time="63.626" /><testcase classname="tests.test_new_features_iter12.TestHealthAndProviders" name="test_health_providers" time="0.127" /><testcase classname="tests.test_new_features_iter12.TestHealthAndProviders" name="test_llm_status" time="0.198" /></testsuite></testsuites>