<?xml version="1.0" encoding="utf-8"?><testsuites name="pytest tests"><testsuite name="pytest" errors="0" failures="2" skipped="0" tests="7" time="501.447" timestamp="2026-01-13T06:40:35.753006+00:00" hostname="agent-env-4dbc2c71-0f5b-41bd-9f18-bc2f15b190e1"><testcase classname="tests.test_spell_v2_pipeline.TestSpellConfigV2" name="test_get_spell_config_v2" time="0.080" /><testcase classname="tests.test_spell_v2_pipeline.TestSpellGenerationV2" name="test_shigg_secular_spell" time="87.934" /><testcase classname="tests.test_spell_v2_pipeline.TestSpellGenerationV2" name="test_cathleen_spiritual_spell" time="80.583"><failure message="AssertionError: Structure errors: ['STEPS_COUNT_INVALID: 1 (expected 3-7)']&#10;assert 1 == 0&#10; +  where 1 = len(['STEPS_COUNT_INVALID: 1 (expected 3-7)'])">tests/test_spell_v2_pipeline.py:263: in test_cathleen_spiritual_spell
    assert len(structure_errors) == 0, f"Structure errors: {structure_errors}"
E   AssertionError: Structure errors: ['STEPS_COUNT_INVALID: 1 (expected 3-7)']
E   assert 1 == 0
E    +  where 1 = len(['STEPS_COUNT_INVALID: 1 (expected 3-7)'])</failure></testcase><testcase classname="tests.test_spell_v2_pipeline.TestSpellGenerationV2" name="test_katherine_practitioner_spell" time="76.936"><failure message="AssertionError: Structure errors: ['STEPS_COUNT_INVALID: 2 (expected 3-7)']&#10;assert 1 == 0&#10; +  where 1 = len(['STEPS_COUNT_INVALID: 2 (expected 3-7)'])">tests/test_spell_v2_pipeline.py:299: in test_katherine_practitioner_spell
    assert len(structure_errors) == 0, f"Structure errors: {structure_errors}"
E   AssertionError: Structure errors: ['STEPS_COUNT_INVALID: 2 (expected 3-7)']
E   assert 1 == 0
E    +  where 1 = len(['STEPS_COUNT_INVALID: 2 (expected 3-7)'])</failure></testcase><testcase classname="tests.test_spell_v2_pipeline.TestSpellGenerationV2" name="test_theresa_secular_spell" time="88.744" /><testcase classname="tests.test_spell_v2_pipeline.TestBeliefModeValidation" name="test_invalid_belief_mode_defaults_to_spiritual" time="80.112" /><testcase classname="tests.test_spell_v2_pipeline.TestMetadataAndTiming" name="test_metadata_contains_timing" time="86.959" /></testsuite></testsuites>